<?xml version="1.0" encoding="UTF-8" ?>
<testsuite tests="6" failures="0" name="TestSuite" time="0.009" errors="0" skipped="0">
  <properties>
    <property name="java.runtime.name" value="Java(TM) SE Runtime Environment"/>
    <property name="sun.boot.library.path" value="C:\Users\a\.jenkins\tools\hudson.model.JDK\Java_SE_8_\jre\bin"/>
    <property name="java.vm.version" value="25.221-b11"/>
    <property name="java.vm.vendor" value="Oracle Corporation"/>
    <property name="maven.multiModuleProjectDirectory" value="C:\Users\a\.jenkins\$(JENKINS_HOME)\Mavenjava"/>
    <property name="java.vendor.url" value="http://java.oracle.com/"/>
    <property name="path.separator" value=";"/>
    <property name="guice.disable.misplaced.annotation.check" value="true"/>
    <property name="java.vm.name" value="Java HotSpot(TM) 64-Bit Server VM"/>
    <property name="file.encoding.pkg" value="sun.io"/>
    <property name="user.script" value=""/>
    <property name="user.country" value="US"/>
    <property name="sun.java.launcher" value="SUN_STANDARD"/>
    <property name="sun.os.patch.level" value=""/>
    <property name="java.vm.specification.name" value="Java Virtual Machine Specification"/>
    <property name="user.dir" value="C:\Users\a\.jenkins\$(JENKINS_HOME)\MavenJava"/>
    <property name="java.runtime.version" value="1.8.0_221-b11"/>
    <property name="java.awt.graphicsenv" value="sun.awt.Win32GraphicsEnvironment"/>
    <property name="java.endorsed.dirs" value="C:\Users\a\.jenkins\tools\hudson.model.JDK\Java_SE_8_\jre\lib\endorsed"/>
    <property name="os.arch" value="amd64"/>
    <property name="java.io.tmpdir" value="C:\Windows\TEMP\"/>
    <property name="line.separator" value="
"/>
    <property name="java.vm.specification.vendor" value="Oracle Corporation"/>
    <property name="user.variant" value=""/>
    <property name="os.name" value="Windows 10"/>
    <property name="classworlds.conf" value="C:\Users\a\.jenkins\tools\hudson.tasks.Maven_MavenInstallation\apache-maven-3.8.2\bin\m2.conf"/>
    <property name="sun.jnu.encoding" value="Cp1252"/>
    <property name="java.library.path" value="C:\Users\a\.jenkins\tools\hudson.model.JDK\Java_SE_8_\bin;C:\Windows\Sun\Java\bin;C:\Windows\system32;C:\Windows;C:\Users\a\.jenkins\tools\hudson.tasks.Maven_MavenInstallation\apache-maven-3.8.2/bin;C:\Users\a\.jenkins\tools\hudson.model.JDK\Java_SE_8_/bin;C:\Users\a\.jenkins\tools\hudson.model.JDK\Java_SE_8_/bin;C:\Program Files (x86)\Common Files\Oracle\Java\javapath;C:\Windows\system32;C:\Windows;C:\Windows\System32\Wbem;C:\Windows\System32\WindowsPowerShell\v1.0\;C:\Windows\System32\OpenSSH\;C:\Program Files\Java\jdk1.8.0_301\bin;C:\Users\a\work\apache-maven-3.8.2-bin\apache-maven-3.8.2\bin;C:\Windows\system32\config\systemprofile\AppData\Local\Microsoft\WindowsApps;."/>
    <property name="maven.conf" value="C:\Users\a\.jenkins\tools\hudson.tasks.Maven_MavenInstallation\apache-maven-3.8.2/conf"/>
    <property name="java.specification.name" value="Java Platform API Specification"/>
    <property name="java.class.version" value="52.0"/>
    <property name="sun.management.compiler" value="HotSpot 64-Bit Tiered Compilers"/>
    <property name="os.version" value="10.0"/>
    <property name="user.home" value="C:\Windows\system32\config\systemprofile"/>
    <property name="user.timezone" value="Asia/Calcutta"/>
    <property name="java.awt.printerjob" value="sun.awt.windows.WPrinterJob"/>
    <property name="java.specification.version" value="1.8"/>
    <property name="file.encoding" value="Cp1252"/>
    <property name="user.name" value="DESKTOP-VKAI4CC$"/>
    <property name="java.class.path" value="C:\Users\a\.jenkins\tools\hudson.tasks.Maven_MavenInstallation\apache-maven-3.8.2\boot\plexus-classworlds-2.6.0.jar"/>
    <property name="java.vm.specification.version" value="1.8"/>
    <property name="sun.arch.data.model" value="64"/>
    <property name="java.home" value="C:\Users\a\.jenkins\tools\hudson.model.JDK\Java_SE_8_\jre"/>
    <property name="sun.java.command" value="org.codehaus.plexus.classworlds.launcher.Launcher -f C:\Users\a\MavenJava test"/>
    <property name="java.specification.vendor" value="Oracle Corporation"/>
    <property name="user.language" value="en"/>
    <property name="awt.toolkit" value="sun.awt.windows.WToolkit"/>
    <property name="java.vm.info" value="mixed mode"/>
    <property name="java.version" value="1.8.0_221"/>
    <property name="java.ext.dirs" value="C:\Users\a\.jenkins\tools\hudson.model.JDK\Java_SE_8_\jre\lib\ext;C:\Windows\Sun\Java\lib\ext"/>
    <property name="sun.boot.class.path" value="C:\Users\a\.jenkins\tools\hudson.model.JDK\Java_SE_8_\jre\lib\resources.jar;C:\Users\a\.jenkins\tools\hudson.model.JDK\Java_SE_8_\jre\lib\rt.jar;C:\Users\a\.jenkins\tools\hudson.model.JDK\Java_SE_8_\jre\lib\sunrsasign.jar;C:\Users\a\.jenkins\tools\hudson.model.JDK\Java_SE_8_\jre\lib\jsse.jar;C:\Users\a\.jenkins\tools\hudson.model.JDK\Java_SE_8_\jre\lib\jce.jar;C:\Users\a\.jenkins\tools\hudson.model.JDK\Java_SE_8_\jre\lib\charsets.jar;C:\Users\a\.jenkins\tools\hudson.model.JDK\Java_SE_8_\jre\lib\jfr.jar;C:\Users\a\.jenkins\tools\hudson.model.JDK\Java_SE_8_\jre\classes"/>
    <property name="java.vendor" value="Oracle Corporation"/>
    <property name="maven.home" value="C:\Users\a\.jenkins\tools\hudson.tasks.Maven_MavenInstallation\apache-maven-3.8.2"/>
    <property name="file.separator" value="\"/>
    <property name="java.vendor.url.bug" value="http://bugreport.sun.com/bugreport/"/>
    <property name="sun.cpu.endian" value="little"/>
    <property name="sun.io.unicode.encoding" value="UnicodeLittle"/>
    <property name="sun.desktop" value="windows"/>
    <property name="sun.cpu.isalist" value="amd64"/>
  </properties>
  <testcase classname="qaclickacademy.AppiumTest" name="Androidapp" time="0.007"/>
  <testcase classname="qaclickacademy.AppiumTest" name="IOSApps" time="0.001"/>
  <testcase classname="qaclickacademy.RESTAPITest" name="deleteTwitter" time="0"/>
  <testcase classname="qaclickacademy.RESTAPITest" name="postJira" time="0.001"/>
  <testcase classname="qaclickacademy.SeleniumTest" name="BrowserAutomation" time="0"/>
  <testcase classname="qaclickacademy.SeleniumTest" name="elementUi" time="0"/>
</testsuite>