<?xml version="1.0" encoding="UTF-8"?>
<!-- Generated by org.testng.reporters.JUnitReportReporter -->
<testsuite skipped="0" hostname="DESKTOP-VKAI4CC" name="qaclickacademy.SeleniumTest" tests="2" failures="0" timestamp="27 Aug 2021 15:05:28 GMT" time="0.000" errors="0">
  <testcase name="elementUi" time="0.000" classname="qaclickacademy.SeleniumTest"/>
  <testcase name="BrowserAutomation" time="0.000" classname="qaclickacademy.SeleniumTest"/>
</testsuite> <!-- qaclickacademy.SeleniumTest -->
